<?xml version="1.0" encoding="UTF-8"?>
<!-- Generated by org.testng.reporters.JUnitXMLReporter -->
<testsuite hostname="HYD-LAP-00433" ignored="0" name="Default test" tests="11" failures="0" timestamp="29 Dec 2020 09:42:23 GMT" time="16.219" errors="0">
  <testcase name="SampleTestCase" time="3.489" classname="com.nisum.services.api_automation.tests.SampleTestCaseIT"/>
  <testcase name="postNewEmployees" time="1.406" classname="com.nisum.services.api_automation.tests.SampleTestCaseIT"/>
  <testcase name="postNewEmployees" time="1.021" classname="com.nisum.services.api_automation.tests.SampleTestCaseIT"/>
  <testcase name="postNewEmployees" time="0.99" classname="com.nisum.services.api_automation.tests.SampleTestCaseIT"/>
  <testcase name="postNewEmployees" time="1.024" classname="com.nisum.services.api_automation.tests.SampleTestCaseIT"/>
  <testcase name="postNewEmployees" time="1.029" classname="com.nisum.services.api_automation.tests.SampleTestCaseIT"/>
  <testcase name="postNewEmployees" time="1.124" classname="com.nisum.services.api_automation.tests.SampleTestCaseIT"/>
  <testcase name="postNewEmployees" time="1.063" classname="com.nisum.services.api_automation.tests.SampleTestCaseIT"/>
  <testcase name="postNewEmployees" time="2.039" classname="com.nisum.services.api_automation.tests.SampleTestCaseIT"/>
  <testcase name="samplePutApi" time="0.929" classname="com.nisum.services.api_automation.tests.SampleTestCaseIT"/>
  <testcase name="sampleDeletePost" time="0.604" classname="com.nisum.services.api_automation.tests.SampleTestCaseIT"/>
</testsuite> <!-- Default test -->
