<?xml version="1.0" encoding="UTF-8"?>
<!-- Generated by org.testng.reporters.JUnitReportReporter -->
<testsuite hostname="HYD-LAP-00451" failures="0" tests="3" name="apiTestcase.HeaderValidations" time="3.267" errors="0" timestamp="09 Dec 2020 09:44:16 GMT" skipped="0">
  <testcase classname="apiTestcase.HeaderValidations" name="headerResponseValidation" time="1.984"/>
  <testcase classname="apiTestcase.HeaderValidations" name="printingAllHeaders" time="0.324"/>
  <testcase classname="apiTestcase.HeaderValidations" name="get" time="0.959"/>
</testsuite> <!-- apiTestcase.HeaderValidations -->
