<?xml version="1.0" encoding="UTF-8"?>
<!-- Generated by org.testng.reporters.JUnitReportReporter -->
<testsuite skipped="0" hostname="HYD-LAP-00433" name="com.nisum.services.api_automation.tests.SampleTestCaseIT" tests="11" failures="0" timestamp="29 Dec 2020 09:42:23 GMT" time="14.718" errors="0">
  <testcase name="postNewEmployees" time="1.063" classname="com.nisum.services.api_automation.tests.SampleTestCaseIT"/>
  <testcase name="postNewEmployees" time="1.021" classname="com.nisum.services.api_automation.tests.SampleTestCaseIT"/>
  <testcase name="postNewEmployees" time="0.990" classname="com.nisum.services.api_automation.tests.SampleTestCaseIT"/>
  <testcase name="postNewEmployees" time="1.406" classname="com.nisum.services.api_automation.tests.SampleTestCaseIT"/>
  <testcase name="postNewEmployees" time="1.024" classname="com.nisum.services.api_automation.tests.SampleTestCaseIT"/>
  <testcase name="postNewEmployees" time="1.124" classname="com.nisum.services.api_automation.tests.SampleTestCaseIT"/>
  <testcase name="postNewEmployees" time="1.029" classname="com.nisum.services.api_automation.tests.SampleTestCaseIT"/>
  <testcase name="SampleTestCase" time="3.489" classname="com.nisum.services.api_automation.tests.SampleTestCaseIT"/>
  <testcase name="postNewEmployees" time="2.039" classname="com.nisum.services.api_automation.tests.SampleTestCaseIT"/>
  <testcase name="samplePutApi" time="0.929" classname="com.nisum.services.api_automation.tests.SampleTestCaseIT"/>
  <testcase name="sampleDeletePost" time="0.604" classname="com.nisum.services.api_automation.tests.SampleTestCaseIT"/>
</testsuite> <!-- com.nisum.services.api_automation.tests.SampleTestCaseIT -->
